<?xml version="1.0" encoding="UTF-8" ?>
<testsuite failures="0" time="1.807" errors="0" skipped="0" tests="12" name="com.mou.mongodb.base.springmongo.TestDeleteUtil">
  <properties>
    <property name="java.runtime.name" value="Java(TM) SE Runtime Environment"/>
    <property name="sun.boot.library.path" value="C:\Program Files\Java\jdk1.7.0_80\jre\bin"/>
    <property name="java.vm.version" value="24.80-b11"/>
    <property name="java.vm.vendor" value="Oracle Corporation"/>
    <property name="java.vendor.url" value="http://java.oracle.com/"/>
    <property name="path.separator" value=";"/>
    <property name="java.vm.name" value="Java HotSpot(TM) 64-Bit Server VM"/>
    <property name="file.encoding.pkg" value="sun.io"/>
    <property name="user.script" value=""/>
    <property name="user.country" value="CN"/>
    <property name="sun.java.launcher" value="SUN_STANDARD"/>
    <property name="sun.os.patch.level" value=""/>
    <property name="java.vm.specification.name" value="Java Virtual Machine Specification"/>
    <property name="user.dir" value="G:\niu\DEV\PRJECT\git\mongo-base"/>
    <property name="java.runtime.version" value="1.7.0_80-b15"/>
    <property name="java.awt.graphicsenv" value="sun.awt.Win32GraphicsEnvironment"/>
    <property name="basedir" value="G:\niu\DEV\PRJECT\git\mongo-base"/>
    <property name="java.endorsed.dirs" value="C:\Program Files\Java\jdk1.7.0_80\jre\lib\endorsed"/>
    <property name="os.arch" value="amd64"/>
    <property name="surefire.real.class.path" value="G:\niu\DEV\PRJECT\git\mongo-base\target\surefire\surefirebooter6258824815742117841.jar"/>
    <property name="java.io.tmpdir" value="C:\Users\sks\AppData\Local\Temp\"/>
    <property name="line.separator" value="
"/>
    <property name="java.vm.specification.vendor" value="Oracle Corporation"/>
    <property name="user.variant" value=""/>
    <property name="os.name" value="Windows 8.1"/>
    <property name="net.sourceforge.cobertura.datafile" value="target/cobertura/cobertura.ser"/>
    <property name="sun.jnu.encoding" value="GBK"/>
    <property name="java.library.path" value="C:\Program Files\Java\jdk1.7.0_80\jre\bin;C:\Windows\Sun\Java\bin;C:\Windows\system32;C:\Windows;C:\Program Files (x86)\Common Files\NetSarang;C:\Windows\system32;C:\Windows;C:\Windows\System32\Wbem;C:\Windows\System32\WindowsPowerShell\v1.0\;C:\Program Files (x86)\Intel\OpenCL SDK\2.0\bin\x86;C:\Program Files (x86)\Intel\OpenCL SDK\2.0\bin\x64;G:\soft\DEV\apache-maven-3.3.3\bin;C:\Program Files (x86)\Intel\Services\IPT\;C:\Program Files (x86)\IDM Computer Solutions\UltraEdit\;."/>
    <property name="surefire.test.class.path" value="G:\niu\DEV\PRJECT\git\mongo-base\target\test-classes;G:\niu\DEV\PRJECT\git\mongo-base\target\classes;G:\niu\DEV\MAVEN\repo\org\mongodb\mongo-java-driver\3.0.3\mongo-java-driver-3.0.3.jar;G:\niu\DEV\MAVEN\repo\commons-beanutils\commons-beanutils\1.9.2\commons-beanutils-1.9.2.jar;G:\niu\DEV\MAVEN\repo\commons-logging\commons-logging\1.1.1\commons-logging-1.1.1.jar;G:\niu\DEV\MAVEN\repo\commons-collections\commons-collections\3.2.1\commons-collections-3.2.1.jar;G:\niu\DEV\MAVEN\repo\org\mou\mou-common\0.0.1-SNAPSHOT\mou-common-0.0.1-SNAPSHOT.jar;G:\niu\DEV\MAVEN\repo\com\google\code\gson\gson\2.3.1\gson-2.3.1.jar;G:\niu\DEV\MAVEN\repo\joda-time\joda-time\2.8.1\joda-time-2.8.1.jar;G:\niu\DEV\MAVEN\repo\org\springframework\data\spring-data-mongodb\1.7.2.RELEASE\spring-data-mongodb-1.7.2.RELEASE.jar;G:\niu\DEV\MAVEN\repo\org\springframework\spring-tx\4.0.9.RELEASE\spring-tx-4.0.9.RELEASE.jar;G:\niu\DEV\MAVEN\repo\org\springframework\spring-context\4.0.9.RELEASE\spring-context-4.0.9.RELEASE.jar;G:\niu\DEV\MAVEN\repo\org\springframework\spring-aop\4.0.9.RELEASE\spring-aop-4.0.9.RELEASE.jar;G:\niu\DEV\MAVEN\repo\aopalliance\aopalliance\1.0\aopalliance-1.0.jar;G:\niu\DEV\MAVEN\repo\org\springframework\spring-beans\4.0.9.RELEASE\spring-beans-4.0.9.RELEASE.jar;G:\niu\DEV\MAVEN\repo\org\springframework\spring-core\4.0.9.RELEASE\spring-core-4.0.9.RELEASE.jar;G:\niu\DEV\MAVEN\repo\org\springframework\spring-expression\4.0.9.RELEASE\spring-expression-4.0.9.RELEASE.jar;G:\niu\DEV\MAVEN\repo\org\springframework\data\spring-data-commons\1.10.2.RELEASE\spring-data-commons-1.10.2.RELEASE.jar;G:\niu\DEV\MAVEN\repo\org\slf4j\slf4j-api\1.7.12\slf4j-api-1.7.12.jar;G:\niu\DEV\MAVEN\repo\org\slf4j\jcl-over-slf4j\1.7.12\jcl-over-slf4j-1.7.12.jar;G:\niu\DEV\MAVEN\repo\org\apache\logging\log4j\log4j-slf4j-impl\2.3\log4j-slf4j-impl-2.3.jar;G:\niu\DEV\MAVEN\repo\org\apache\logging\log4j\log4j-api\2.3\log4j-api-2.3.jar;G:\niu\DEV\MAVEN\repo\org\apache\logging\log4j\log4j-core\2.3\log4j-core-2.3.jar;G:\niu\DEV\MAVEN\repo\junit\junit\4.10\junit-4.10.jar;G:\niu\DEV\MAVEN\repo\org\hamcrest\hamcrest-core\1.1\hamcrest-core-1.1.jar;"/>
    <property name="java.specification.name" value="Java Platform API Specification"/>
    <property name="java.class.version" value="51.0"/>
    <property name="sun.management.compiler" value="HotSpot 64-Bit Tiered Compilers"/>
    <property name="os.version" value="6.3"/>
    <property name="user.home" value="C:\Users\sks"/>
    <property name="user.timezone" value="Asia/Shanghai"/>
    <property name="java.awt.printerjob" value="sun.awt.windows.WPrinterJob"/>
    <property name="java.specification.version" value="1.7"/>
    <property name="file.encoding" value="UTF-8"/>
    <property name="user.name" value="sks"/>
    <property name="java.class.path" value="G:\niu\DEV\PRJECT\git\mongo-base\target\test-classes;G:\niu\DEV\PRJECT\git\mongo-base\target\classes;G:\niu\DEV\MAVEN\repo\org\mongodb\mongo-java-driver\3.0.3\mongo-java-driver-3.0.3.jar;G:\niu\DEV\MAVEN\repo\commons-beanutils\commons-beanutils\1.9.2\commons-beanutils-1.9.2.jar;G:\niu\DEV\MAVEN\repo\commons-logging\commons-logging\1.1.1\commons-logging-1.1.1.jar;G:\niu\DEV\MAVEN\repo\commons-collections\commons-collections\3.2.1\commons-collections-3.2.1.jar;G:\niu\DEV\MAVEN\repo\org\mou\mou-common\0.0.1-SNAPSHOT\mou-common-0.0.1-SNAPSHOT.jar;G:\niu\DEV\MAVEN\repo\com\google\code\gson\gson\2.3.1\gson-2.3.1.jar;G:\niu\DEV\MAVEN\repo\joda-time\joda-time\2.8.1\joda-time-2.8.1.jar;G:\niu\DEV\MAVEN\repo\org\springframework\data\spring-data-mongodb\1.7.2.RELEASE\spring-data-mongodb-1.7.2.RELEASE.jar;G:\niu\DEV\MAVEN\repo\org\springframework\spring-tx\4.0.9.RELEASE\spring-tx-4.0.9.RELEASE.jar;G:\niu\DEV\MAVEN\repo\org\springframework\spring-context\4.0.9.RELEASE\spring-context-4.0.9.RELEASE.jar;G:\niu\DEV\MAVEN\repo\org\springframework\spring-aop\4.0.9.RELEASE\spring-aop-4.0.9.RELEASE.jar;G:\niu\DEV\MAVEN\repo\aopalliance\aopalliance\1.0\aopalliance-1.0.jar;G:\niu\DEV\MAVEN\repo\org\springframework\spring-beans\4.0.9.RELEASE\spring-beans-4.0.9.RELEASE.jar;G:\niu\DEV\MAVEN\repo\org\springframework\spring-core\4.0.9.RELEASE\spring-core-4.0.9.RELEASE.jar;G:\niu\DEV\MAVEN\repo\org\springframework\spring-expression\4.0.9.RELEASE\spring-expression-4.0.9.RELEASE.jar;G:\niu\DEV\MAVEN\repo\org\springframework\data\spring-data-commons\1.10.2.RELEASE\spring-data-commons-1.10.2.RELEASE.jar;G:\niu\DEV\MAVEN\repo\org\slf4j\slf4j-api\1.7.12\slf4j-api-1.7.12.jar;G:\niu\DEV\MAVEN\repo\org\slf4j\jcl-over-slf4j\1.7.12\jcl-over-slf4j-1.7.12.jar;G:\niu\DEV\MAVEN\repo\org\apache\logging\log4j\log4j-slf4j-impl\2.3\log4j-slf4j-impl-2.3.jar;G:\niu\DEV\MAVEN\repo\org\apache\logging\log4j\log4j-api\2.3\log4j-api-2.3.jar;G:\niu\DEV\MAVEN\repo\org\apache\logging\log4j\log4j-core\2.3\log4j-core-2.3.jar;G:\niu\DEV\MAVEN\repo\junit\junit\4.10\junit-4.10.jar;G:\niu\DEV\MAVEN\repo\org\hamcrest\hamcrest-core\1.1\hamcrest-core-1.1.jar;"/>
    <property name="java.vm.specification.version" value="1.7"/>
    <property name="sun.arch.data.model" value="64"/>
    <property name="java.home" value="C:\Program Files\Java\jdk1.7.0_80\jre"/>
    <property name="sun.java.command" value="G:\niu\DEV\PRJECT\git\mongo-base\target\surefire\surefirebooter6258824815742117841.jar G:\niu\DEV\PRJECT\git\mongo-base\target\surefire\surefire3692763825425021271tmp G:\niu\DEV\PRJECT\git\mongo-base\target\surefire\surefire796571888758559867tmp"/>
    <property name="java.specification.vendor" value="Oracle Corporation"/>
    <property name="user.language" value="zh"/>
    <property name="awt.toolkit" value="sun.awt.windows.WToolkit"/>
    <property name="java.vm.info" value="mixed mode"/>
    <property name="java.version" value="1.7.0_80"/>
    <property name="java.ext.dirs" value="C:\Program Files\Java\jdk1.7.0_80\jre\lib\ext;C:\Windows\Sun\Java\lib\ext"/>
    <property name="sun.boot.class.path" value="C:\Program Files\Java\jdk1.7.0_80\jre\lib\resources.jar;C:\Program Files\Java\jdk1.7.0_80\jre\lib\rt.jar;C:\Program Files\Java\jdk1.7.0_80\jre\lib\sunrsasign.jar;C:\Program Files\Java\jdk1.7.0_80\jre\lib\jsse.jar;C:\Program Files\Java\jdk1.7.0_80\jre\lib\jce.jar;C:\Program Files\Java\jdk1.7.0_80\jre\lib\charsets.jar;C:\Program Files\Java\jdk1.7.0_80\jre\lib\jfr.jar;C:\Program Files\Java\jdk1.7.0_80\jre\classes"/>
    <property name="java.vendor" value="Oracle Corporation"/>
    <property name="localRepository" value="G:\niu\DEV\MAVEN\repo"/>
    <property name="file.separator" value="\"/>
    <property name="java.vendor.url.bug" value="http://bugreport.sun.com/bugreport/"/>
    <property name="sun.cpu.endian" value="little"/>
    <property name="sun.io.unicode.encoding" value="UnicodeLittle"/>
    <property name="sun.desktop" value="windows"/>
    <property name="sun.cpu.isalist" value="amd64"/>
  </properties>
  <testcase time="0.258" classname="com.mou.mongodb.base.springmongo.TestDeleteUtil" name="testRemoveByIdStringString"/>
  <testcase time="0.137" classname="com.mou.mongodb.base.springmongo.TestDeleteUtil" name="testRemoveByIdStringClassOfT"/>
  <testcase time="0.056" classname="com.mou.mongodb.base.springmongo.TestDeleteUtil" name="testRemoveByIdLogicStringString"/>
  <testcase time="0.047" classname="com.mou.mongodb.base.springmongo.TestDeleteUtil" name="testRemoveByIdLogicStringClassOfT"/>
  <testcase time="0.047" classname="com.mou.mongodb.base.springmongo.TestDeleteUtil" name="testRemoveByIdsListOfStringClassOfT"/>
  <testcase time="0.069" classname="com.mou.mongodb.base.springmongo.TestDeleteUtil" name="testRemoveByConditionQueryClassOfT"/>
  <testcase time="0.089" classname="com.mou.mongodb.base.springmongo.TestDeleteUtil" name="testRemoveByConditionLogicQueryString"/>
  <testcase time="0.349" classname="com.mou.mongodb.base.springmongo.TestDeleteUtil" name="testRemoveByConditionQueryString"/>
  <testcase time="0.618" classname="com.mou.mongodb.base.springmongo.TestDeleteUtil" name="testRemoveByIdsLogicListOfStringClassOfT"/>
  <testcase time="0.045" classname="com.mou.mongodb.base.springmongo.TestDeleteUtil" name="testRemoveByIdsListOfStringString"/>
  <testcase time="0.044" classname="com.mou.mongodb.base.springmongo.TestDeleteUtil" name="testRemoveByIdsLogicListOfStringString"/>
  <testcase time="0.042" classname="com.mou.mongodb.base.springmongo.TestDeleteUtil" name="testRemoveByConditionLogicQueryClassOfT"/>
</testsuite>